0 info it worked if it ends with ok
1 verbose cli [ 'C:\\Program Files\\nodejs\\node.exe',
1 verbose cli   'C:\\Users\\ElyCheikh\\AppData\\Roaming\\npm\\node_modules\\npm\\bin\\npm-cli.js',
1 verbose cli   'start' ]
2 info using npm@3.7.1
3 info using node@v5.4.1
4 verbose run-script [ 'prestart', 'start', 'poststart' ]
5 info lifecycle CameraKingdom@0.0.0~prestart: CameraKingdom@0.0.0
6 silly lifecycle CameraKingdom@0.0.0~prestart: no script for prestart, continuing
7 info lifecycle CameraKingdom@0.0.0~start: CameraKingdom@0.0.0
8 verbose lifecycle CameraKingdom@0.0.0~start: unsafe-perm in lifecycle true
9 verbose lifecycle CameraKingdom@0.0.0~start: PATH: C:\Users\ElyCheikh\AppData\Roaming\npm\node_modules\npm\bin\node-gyp-bin;C:\Users\ElyCheikh\Desktop\CameraKingdom\node_modules\.bin;C:\Program Files\nodejs;C:\Program Files\cmder\bin;C:\Program Files\Git\bin;C:\Program Files\Git\usr\bin;C:\Program Files\Git\share\vim\vim74;C:\Program Files\cmder\vendor\conemu-maximus5;C:\Program Files\cmder\vendor\conemu-maximus5\ConEmu;C:\ProgramData\Oracle\Java\javapath;C:\Windows\system32;C:\Windows;C:\Windows\System32\Wbem;C:\Windows\System32\WindowsPowerShell\v1.0\;C:\Users\ElyCheikh\.dnx\bin;C:\Program Files\Microsoft DNX\Dnvm\;C:\Program Files\Microsoft SQL Server\120\Tools\Binn\;C:\Program Files\nodejs\;C:\Users\ElyCheikh\AppData\Roaming\npm\;C:\Program Files\Python27\;C:\Program Files\cmder\;C:\Program Files (x86)\Windows Kits\10\Windows Performance Toolkit\;C:\Ruby21-x64\bin;C:\Program Files\MongoDB\Server\3.2\bin\;C:\Users\ElyCheikh\AppData\Local\atom\bin;C:\Program Files\cmder
10 verbose lifecycle CameraKingdom@0.0.0~start: CWD: C:\Users\ElyCheikh\Desktop\CameraKingdom
11 silly lifecycle CameraKingdom@0.0.0~start: Args: [ '/d /s /c', 'supervisor ./bin/www' ]
12 silly lifecycle CameraKingdom@0.0.0~start: Returned: code: 1  signal: null
13 info lifecycle CameraKingdom@0.0.0~start: Failed to exec start script
14 verbose stack Error: CameraKingdom@0.0.0 start: `supervisor ./bin/www`
14 verbose stack Exit status 1
14 verbose stack     at EventEmitter.<anonymous> (C:\Users\ElyCheikh\AppData\Roaming\npm\node_modules\npm\lib\utils\lifecycle.js:239:16)
14 verbose stack     at emitTwo (events.js:87:13)
14 verbose stack     at EventEmitter.emit (events.js:172:7)
14 verbose stack     at ChildProcess.<anonymous> (C:\Users\ElyCheikh\AppData\Roaming\npm\node_modules\npm\lib\utils\spawn.js:24:14)
14 verbose stack     at emitTwo (events.js:87:13)
14 verbose stack     at ChildProcess.emit (events.js:172:7)
14 verbose stack     at maybeClose (internal/child_process.js:821:16)
14 verbose stack     at Process.ChildProcess._handle.onexit (internal/child_process.js:211:5)
15 verbose pkgid CameraKingdom@0.0.0
16 verbose cwd C:\Users\ElyCheikh\Desktop\CameraKingdom
17 error Windows_NT 10.0.10586
18 error argv "C:\\Program Files\\nodejs\\node.exe" "C:\\Users\\ElyCheikh\\AppData\\Roaming\\npm\\node_modules\\npm\\bin\\npm-cli.js" "start"
19 error node v5.4.1
20 error npm  v3.7.1
21 error code ELIFECYCLE
22 error CameraKingdom@0.0.0 start: `supervisor ./bin/www`
22 error Exit status 1
23 error Failed at the CameraKingdom@0.0.0 start script 'supervisor ./bin/www'.
23 error Make sure you have the latest version of node.js and npm installed.
23 error If you do, this is most likely a problem with the CameraKingdom package,
23 error not with npm itself.
23 error Tell the author that this fails on your system:
23 error     supervisor ./bin/www
23 error You can get information on how to open an issue for this project with:
23 error     npm bugs CameraKingdom
23 error Or if that isn't available, you can get their info via:
23 error     npm owner ls CameraKingdom
23 error There is likely additional logging output above.
24 verbose exit [ 1, true ]
